2025-06-03 17:55:53,445 INFO: Application startup [in c:\Users\k_len\Documents\Code\fair-price\app.py:28]
2025-06-03 17:55:55,345 INFO: Application startup [in c:\Users\k_len\Documents\Code\fair-price\app.py:28]
2025-06-03 17:56:09,630 ERROR: Error in view_tradesman: Could not build url for endpoint 'add_quote' with values ['tradesman_id']. Did you mean 'add_job' instead? [in c:\Users\k_len\Documents\Code\fair-price\app.py:552]
2025-06-16 16:30:40,731 INFO: Application startup [in c:\Users\k_len\Documents\Code\fair-price\app.py:28]
2025-06-16 16:30:41,797 INFO: Application startup [in c:\Users\k_len\Documents\Code\fair-price\app.py:28]
2025-06-16 20:03:58,445 INFO: Application startup [in c:\Users\k_len\Documents\Code\fair-price\app.py:28]
2025-06-16 20:07:16,274 INFO: Application startup [in c:\Users\k_len\Documents\Code\fair-price\app.py:28]
2025-06-16 20:43:16,426 INFO: Application startup [in c:\Users\k_len\Documents\Code\fair-price\app.py:28]
2025-06-16 20:43:41,926 INFO: Application startup [in c:\Users\k_len\Documents\Code\fair-price\app.py:28]
2025-06-16 23:25:13,823 INFO: Application startup [in c:\Users\k_len\Documents\Code\fair-price\app.py:28]
2025-06-16 23:25:43,578 INFO: Application startup [in c:\Users\k_len\Documents\Code\fair-price\app.py:28]
2025-06-16 23:26:30,592 INFO: Application startup [in C:\Users\k_len\Documents\Code\fair-price\app.py:28]
2025-06-16 23:26:44,511 INFO: Application startup [in c:\Users\k_len\Documents\Code\fair-price\app.py:28]
2025-06-16 23:29:26,223 INFO: Application startup [in c:\Users\k_len\Documents\Code\fair-price\app.py:28]
2025-06-16 23:29:43,544 INFO: Application startup [in c:\Users\k_len\Documents\Code\fair-price\app.py:28]
2025-06-17 23:44:18,405 INFO: Application startup [in c:\Users\k_len\Documents\Code\fair-price\app.py:28]
2025-06-17 23:44:19,519 INFO: Application startup [in c:\Users\k_len\Documents\Code\fair-price\app.py:28]
2025-06-17 23:46:31,390 INFO: New user registered: klen [in c:\Users\k_len\Documents\Code\fair-price\app.py:280]
2025-06-17 23:47:15,800 ERROR: Error in view_tradesman: Could not build url for endpoint 'view_group'. Did you forget to specify values ['group_id']? [in c:\Users\k_len\Documents\Code\fair-price\app.py:560]
2025-06-17 23:47:25,082 ERROR: Error in view_tradesman: Could not build url for endpoint 'view_group'. Did you forget to specify values ['group_id']? [in c:\Users\k_len\Documents\Code\fair-price\app.py:560]
2025-06-17 23:52:36,870 ERROR: Error in view_tradesman: Could not build url for endpoint 'view_group'. Did you forget to specify values ['group_id']? [in c:\Users\k_len\Documents\Code\fair-price\app.py:560]
2025-06-17 23:52:40,345 ERROR: Error in view_tradesman: Could not build url for endpoint 'view_group'. Did you forget to specify values ['group_id']? [in c:\Users\k_len\Documents\Code\fair-price\app.py:560]
2025-06-18 00:02:05,983 INFO: Application startup [in c:\Users\k_len\Documents\Code\fair-price\app.py:28]
2025-06-18 00:02:07,048 INFO: Application startup [in c:\Users\k_len\Documents\Code\fair-price\app.py:28]
2025-06-18 00:04:20,701 INFO: Application startup [in c:\Users\k_len\Documents\Code\fair-price\app.py:28]
2025-06-18 00:04:21,665 INFO: Application startup [in c:\Users\k_len\Documents\Code\fair-price\app.py:28]
2025-06-18 00:05:37,173 INFO: Application startup [in c:\Users\k_len\Documents\Code\fair-price\app.py:28]
2025-06-18 00:05:39,273 INFO: Application startup [in c:\Users\k_len\Documents\Code\fair-price\app.py:28]
2025-06-18 00:05:45,626 INFO: Application startup [in c:\Users\k_len\Documents\Code\fair-price\app.py:28]
2025-06-18 00:08:17,138 INFO: Application startup [in c:\Users\k_len\Documents\Code\fair-price\app.py:28]
2025-06-18 00:08:21,376 INFO: Application startup [in c:\Users\k_len\Documents\Code\fair-price\app.py:28]
